c:\users\krota\desktop\pacman\debug\vc142.pdb
c:\users\krota\desktop\pacman\debug\vc142.idb
c:\users\krota\desktop\pacman\debug\tile.obj
c:\users\krota\desktop\pacman\debug\pacman.obj
c:\users\krota\desktop\pacman\debug\main.obj
c:\users\krota\desktop\pacman\debug\ghost.obj
c:\users\krota\desktop\pacman\debug\food.obj
c:\users\krota\desktop\pacman\debug\gamestate.obj
c:\users\krota\desktop\pacman\debug\pacman.exe
c:\users\krota\desktop\pacman\debug\pacman.pdb
c:\users\krota\desktop\pacman\debug\pacman.tlog\cl.command.1.tlog
c:\users\krota\desktop\pacman\debug\pacman.tlog\cl.read.1.tlog
c:\users\krota\desktop\pacman\debug\pacman.tlog\cl.write.1.tlog
c:\users\krota\desktop\pacman\debug\pacman.tlog\link.1012.delete.1.tlog
c:\users\krota\desktop\pacman\debug\pacman.tlog\link.11384.delete.1.tlog
c:\users\krota\desktop\pacman\debug\pacman.tlog\link.11540.delete.1.tlog
c:\users\krota\desktop\pacman\debug\pacman.tlog\link.13128.delete.1.tlog
c:\users\krota\desktop\pacman\debug\pacman.tlog\link.1320.delete.1.tlog
c:\users\krota\desktop\pacman\debug\pacman.tlog\link.13680.delete.1.tlog
c:\users\krota\desktop\pacman\debug\pacman.tlog\link.14328.delete.1.tlog
c:\users\krota\desktop\pacman\debug\pacman.tlog\link.14456.delete.1.tlog
c:\users\krota\desktop\pacman\debug\pacman.tlog\link.1584.delete.1.tlog
c:\users\krota\desktop\pacman\debug\pacman.tlog\link.16320.delete.1.tlog
c:\users\krota\desktop\pacman\debug\pacman.tlog\link.16448.delete.1.tlog
c:\users\krota\desktop\pacman\debug\pacman.tlog\link.16524.delete.1.tlog
c:\users\krota\desktop\pacman\debug\pacman.tlog\link.17968.delete.1.tlog
c:\users\krota\desktop\pacman\debug\pacman.tlog\link.19500.delete.1.tlog
c:\users\krota\desktop\pacman\debug\pacman.tlog\link.19584.delete.1.tlog
c:\users\krota\desktop\pacman\debug\pacman.tlog\link.19636.delete.1.tlog
c:\users\krota\desktop\pacman\debug\pacman.tlog\link.20000.delete.1.tlog
c:\users\krota\desktop\pacman\debug\pacman.tlog\link.20612.delete.1.tlog
c:\users\krota\desktop\pacman\debug\pacman.tlog\link.20808.delete.1.tlog
c:\users\krota\desktop\pacman\debug\pacman.tlog\link.21100.delete.1.tlog
c:\users\krota\desktop\pacman\debug\pacman.tlog\link.21372.delete.1.tlog
c:\users\krota\desktop\pacman\debug\pacman.tlog\link.21608.delete.1.tlog
c:\users\krota\desktop\pacman\debug\pacman.tlog\link.21652.delete.1.tlog
c:\users\krota\desktop\pacman\debug\pacman.tlog\link.22064.delete.1.tlog
c:\users\krota\desktop\pacman\debug\pacman.tlog\link.2208.delete.1.tlog
c:\users\krota\desktop\pacman\debug\pacman.tlog\link.22104.delete.1.tlog
c:\users\krota\desktop\pacman\debug\pacman.tlog\link.22572.delete.1.tlog
c:\users\krota\desktop\pacman\debug\pacman.tlog\link.22716.delete.1.tlog
c:\users\krota\desktop\pacman\debug\pacman.tlog\link.22776.delete.1.tlog
c:\users\krota\desktop\pacman\debug\pacman.tlog\link.22836.delete.1.tlog
c:\users\krota\desktop\pacman\debug\pacman.tlog\link.2288.delete.1.tlog
c:\users\krota\desktop\pacman\debug\pacman.tlog\link.23396.delete.1.tlog
c:\users\krota\desktop\pacman\debug\pacman.tlog\link.24348.delete.1.tlog
c:\users\krota\desktop\pacman\debug\pacman.tlog\link.24536.delete.1.tlog
c:\users\krota\desktop\pacman\debug\pacman.tlog\link.24632.delete.1.tlog
c:\users\krota\desktop\pacman\debug\pacman.tlog\link.25456.delete.1.tlog
c:\users\krota\desktop\pacman\debug\pacman.tlog\link.25596.delete.1.tlog
c:\users\krota\desktop\pacman\debug\pacman.tlog\link.25648.delete.1.tlog
c:\users\krota\desktop\pacman\debug\pacman.tlog\link.25756.delete.1.tlog
c:\users\krota\desktop\pacman\debug\pacman.tlog\link.25932.delete.1.tlog
c:\users\krota\desktop\pacman\debug\pacman.tlog\link.26048.delete.1.tlog
c:\users\krota\desktop\pacman\debug\pacman.tlog\link.3696.delete.1.tlog
c:\users\krota\desktop\pacman\debug\pacman.tlog\link.3920.delete.1.tlog
c:\users\krota\desktop\pacman\debug\pacman.tlog\link.3960.delete.1.tlog
c:\users\krota\desktop\pacman\debug\pacman.tlog\link.5184.delete.1.tlog
c:\users\krota\desktop\pacman\debug\pacman.tlog\link.544.delete.1.tlog
c:\users\krota\desktop\pacman\debug\pacman.tlog\link.6364.delete.1.tlog
c:\users\krota\desktop\pacman\debug\pacman.tlog\link.6580.delete.1.tlog
c:\users\krota\desktop\pacman\debug\pacman.tlog\link.6840.delete.1.tlog
c:\users\krota\desktop\pacman\debug\pacman.tlog\link.8468.delete.1.tlog
c:\users\krota\desktop\pacman\debug\pacman.tlog\link.9412.delete.1.tlog
c:\users\krota\desktop\pacman\debug\pacman.tlog\link.9432.delete.1.tlog
c:\users\krota\desktop\pacman\debug\pacman.tlog\link.9696.delete.1.tlog
c:\users\krota\desktop\pacman\debug\pacman.tlog\link.command.1.tlog
c:\users\krota\desktop\pacman\debug\pacman.tlog\link.read.1.tlog
c:\users\krota\desktop\pacman\debug\pacman.tlog\link.write.1.tlog
